2024-02-21T20:00:03.735873+0600 ERROR Error connecting to Arduino on port /dev/ttyACM0: [Errno 2] could not open port /dev/ttyACM0: [Errno 2] No such file or directory: '/dev/ttyACM0'
2024-02-21T20:00:03.743358+0600 ERROR Failed to initialize Arduino.
2024-02-21T20:00:04.145089+0600 ERROR Error connecting to Arduino on port /dev/ttyACM0: [Errno 2] could not open port /dev/ttyACM0: [Errno 2] No such file or directory: '/dev/ttyACM0'
2024-02-21T20:00:04.145856+0600 ERROR Failed to initialize Arduino.
2024-02-21T20:00:04.547627+0600 ERROR Error connecting to Arduino on port /dev/ttyACM0: [Errno 2] could not open port /dev/ttyACM0: [Errno 2] No such file or directory: '/dev/ttyACM0'
2024-02-21T20:00:04.548402+0600 ERROR Failed to initialize Arduino.
2024-02-21T20:00:04.950212+0600 ERROR Error connecting to Arduino on port /dev/ttyACM0: [Errno 2] could not open port /dev/ttyACM0: [Errno 2] No such file or directory: '/dev/ttyACM0'
2024-02-21T20:00:04.950983+0600 ERROR Failed to initialize Arduino.
2024-02-21T20:00:05.352694+0600 ERROR Error connecting to Arduino on port /dev/ttyACM0: [Errno 2] could not open port /dev/ttyACM0: [Errno 2] No such file or directory: '/dev/ttyACM0'
2024-02-21T20:00:05.353471+0600 ERROR Failed to initialize Arduino.
2024-02-21T20:00:05.755204+0600 ERROR Error connecting to Arduino on port /dev/ttyACM0: [Errno 2] could not open port /dev/ttyACM0: [Errno 2] No such file or directory: '/dev/ttyACM0'
2024-02-21T20:00:05.755969+0600 ERROR Failed to initialize Arduino.
2024-02-21T20:00:06.157398+0600 ERROR Error connecting to Arduino on port /dev/ttyACM0: [Errno 2] could not open port /dev/ttyACM0: [Errno 2] No such file or directory: '/dev/ttyACM0'
2024-02-21T20:00:06.158013+0600 ERROR Failed to initialize Arduino.
2024-02-21T20:00:06.559485+0600 ERROR Error connecting to Arduino on port /dev/ttyACM0: [Errno 2] could not open port /dev/ttyACM0: [Errno 2] No such file or directory: '/dev/ttyACM0'
2024-02-21T20:00:06.560268+0600 ERROR Failed to initialize Arduino.
2024-02-22T00:55:56.750273+0600 ERROR _feeder_module.py:93 Error connecting to Arduino on port /dev/ttyACM0: [Errno 2] could not open port /dev/ttyACM0: [Errno 2] No such file or directory: '/dev/ttyACM0'
2024-02-22T00:55:56.751484+0600 ERROR _feeder_module.py:371 Failed to initialize Arduino.
2024-02-22T00:55:57.153313+0600 ERROR _feeder_module.py:93 Error connecting to Arduino on port /dev/ttyACM0: [Errno 2] could not open port /dev/ttyACM0: [Errno 2] No such file or directory: '/dev/ttyACM0'
2024-02-22T00:55:57.154060+0600 ERROR _feeder_module.py:371 Failed to initialize Arduino.
2024-02-22T00:55:57.555761+0600 ERROR _feeder_module.py:93 Error connecting to Arduino on port /dev/ttyACM0: [Errno 2] could not open port /dev/ttyACM0: [Errno 2] No such file or directory: '/dev/ttyACM0'
2024-02-22T00:55:57.556509+0600 ERROR _feeder_module.py:371 Failed to initialize Arduino.
2024-02-22T00:55:57.958303+0600 ERROR _feeder_module.py:93 Error connecting to Arduino on port /dev/ttyACM0: [Errno 2] could not open port /dev/ttyACM0: [Errno 2] No such file or directory: '/dev/ttyACM0'
2024-02-22T00:55:57.959089+0600 ERROR _feeder_module.py:371 Failed to initialize Arduino.
2024-02-22T01:41:23.407480+0600 ERROR _feeder_module.py:76 Error connecting to Arduino on port /dev/ttyUSB0: [Errno 2] could not open port /dev/ttyUSB0: [Errno 2] No such file or directory: '/dev/ttyUSB0'
2024-02-22T01:41:23.408748+0600 ERROR _feeder_module.py:354 Failed to initialize Arduino.
2024-02-22T01:41:23.810613+0600 ERROR _feeder_module.py:76 Error connecting to Arduino on port /dev/ttyUSB0: [Errno 2] could not open port /dev/ttyUSB0: [Errno 2] No such file or directory: '/dev/ttyUSB0'
2024-02-22T01:41:23.811411+0600 ERROR _feeder_module.py:354 Failed to initialize Arduino.
